<?xml version="1.0" encoding="UTF-8"?>
<!-- Generated by org.testng.reporters.JUnitReportReporter -->
<testsuite hostname="DESKTOP-20USBVS" failures="0" tests="1" name="selen1.chromedemoTest" time="0.000" errors="0" timestamp="2025-05-25T17:19:40 IST" skipped="0">
  <testcase classname="selen1.chromedemoTest" name="VedamTest" time="0.000"/>
</testsuite> <!-- selen1.chromedemoTest -->
